<?xml version="1.0" encoding="UTF-8"?>
<!-- Generated by org.testng.reporters.JUnitXMLReporter -->
<testsuite hostname="vani" ignored="0" name="test1" tests="12" failures="2" timestamp="25 Apr 2019 03:09:27 GMT" time="0.116" errors="0">
  <testcase name="restest1" time="0.012" classname="Analyzer.MyTests">
    <skipped/>
  </testcase> <!-- restest1 -->
  <testcase name="restest1" time="0.0" classname="Analyzer.MyTests">
    <skipped/>
  </testcase> <!-- restest1 -->
  <testcase name="restest1" time="0.004" classname="Analyzer.MyTests">
    <skipped/>
  </testcase> <!-- restest1 -->
  <testcase name="restest1" time="0.004" classname="Analyzer.MyTests">
    <skipped/>
  </testcase> <!-- restest1 -->
  <testcase name="restest1" time="0.0" classname="Analyzer.MyTests">
    <skipped/>
  </testcase> <!-- restest1 -->
  <testcase name="restest1" time="0.0" classname="Analyzer.MyTests">
    <failure type="java.lang.ArithmeticException" message="/ by zero">
      <![CDATA[java.lang.ArithmeticException: / by zero
at Analyzer.MyTests.restest1(MyTests.java:26)
... Removed 25 stack frames]]>
    </failure>
  </testcase> <!-- restest1 -->
  <testcase name="retest" time="0.004" classname="Analyzer.MyTests">
    <skipped/>
  </testcase> <!-- retest -->
  <testcase name="retest" time="0.004" classname="Analyzer.MyTests">
    <skipped/>
  </testcase> <!-- retest -->
  <testcase name="retest" time="0.0" classname="Analyzer.MyTests">
    <skipped/>
  </testcase> <!-- retest -->
  <testcase name="retest" time="0.0" classname="Analyzer.MyTests">
    <skipped/>
  </testcase> <!-- retest -->
  <testcase name="retest" time="0.0" classname="Analyzer.MyTests">
    <skipped/>
  </testcase> <!-- retest -->
  <testcase name="retest" time="0.004" classname="Analyzer.MyTests">
    <failure type="java.lang.ArithmeticException" message="/ by zero">
      <![CDATA[java.lang.ArithmeticException: / by zero
at Analyzer.MyTests.retest(MyTests.java:17)
... Removed 25 stack frames]]>
    </failure>
  </testcase> <!-- retest -->
</testsuite> <!-- test1 -->
