<?xml version="1.0" encoding="UTF-8"?>
<!-- Generated by org.testng.reporters.JUnitXMLReporter -->
<testsuite hostname="vani" ignored="0" name="sample test" tests="2" failures="2" timestamp="23 Apr 2019 17:03:14 GMT" time="0.068" errors="0">
  <testcase name="testA" time="0.0" classname="DataProvider.TestCases">
    <failure type="org.testng.TestNGException" message="
Some DataProvider public static java.lang.Object[][] DataProvider.SDProvider.xyz(com.sun.org.apache.bcel.internal.classfile.Method) parameters unresolved:  at 0 type class com.sun.org.apache.bcel.internal.classfile.Method
">
      <![CDATA[org.testng.TestNGException: 
Some DataProvider public static java.lang.Object[][] DataProvider.SDProvider.xyz(com.sun.org.apache.bcel.internal.classfile.Method) parameters unresolved:  at 0 type class com.sun.org.apache.bcel.internal.classfile.Method

... Removed 23 stack frames]]>
    </failure>
  </testcase> <!-- testA -->
  <testcase name="testB" time="0.0" classname="DataProvider.TestCases">
    <failure type="org.testng.TestNGException" message="
Some DataProvider public static java.lang.Object[][] DataProvider.SDProvider.xyz(com.sun.org.apache.bcel.internal.classfile.Method) parameters unresolved:  at 0 type class com.sun.org.apache.bcel.internal.classfile.Method
">
      <![CDATA[org.testng.TestNGException: 
Some DataProvider public static java.lang.Object[][] DataProvider.SDProvider.xyz(com.sun.org.apache.bcel.internal.classfile.Method) parameters unresolved:  at 0 type class com.sun.org.apache.bcel.internal.classfile.Method

... Removed 23 stack frames]]>
    </failure>
  </testcase> <!-- testB -->
</testsuite> <!-- sample test -->
