<?xml version="1.0" encoding="UTF-8"?>
<!-- Generated by org.testng.reporters.JUnitXMLReporter -->
<testsuite hostname="vani" ignored="0" name="Yahoo info test" tests="1" failures="1" timestamp="23 Apr 2019 17:03:13 GMT" time="0.031" errors="0">
  <testcase name="test2" time="0.0" classname="TestNG.YahooInfoTest">
    <failure type="java.lang.AssertionError" message="expected [true] but found [false]">
      <![CDATA[java.lang.AssertionError: expected [true] but found [false]
at TestNG.YahooInfoTest.test2(YahooInfoTest.java:14)
... Removed 29 stack frames]]>
    </failure>
  </testcase> <!-- test2 -->
</testsuite> <!-- Yahoo info test -->
